  Lab2.cpp
D:\projects univ\repos\Lab2\Lab2\Lab2.cpp(12,10): warning C4477: "scanf_s": в строке форматирования "%s" требуется аргумент типа "unsigned int", но вариативный аргумент "2" имеет тип "char *"
D:\projects univ\repos\Lab2\Lab2\Lab2.cpp(12,10): message : этот аргумент используется в качестве размера буфера
D:\projects univ\repos\Lab2\Lab2\Lab2.cpp(12,10): warning C4477: "scanf_s": в строке форматирования "%c" требуется аргумент типа "char *", но вариативный аргумент "3" имеет тип "unsigned short *"
D:\projects univ\repos\Lab2\Lab2\Lab2.cpp(12,10): message : этот аргумент используется описателем преобразования
D:\projects univ\repos\Lab2\Lab2\Lab2.cpp(12,10): warning C4477: "scanf_s": в строке форматирования "%c" требуется аргумент типа "unsigned int", но вариативный аргумент "4" имеет тип "double *"
D:\projects univ\repos\Lab2\Lab2\Lab2.cpp(12,10): message : этот аргумент используется в качестве размера буфера
D:\projects univ\repos\Lab2\Lab2\Lab2.cpp(12,10): warning C4473: "scanf_s": передано недостаточно аргументов для строки формата
D:\projects univ\repos\Lab2\Lab2\Lab2.cpp(12,10): message : заполнители и их параметры ожидают переменное число аргументов в количестве 6, но было предоставлено 4
D:\projects univ\repos\Lab2\Lab2\Lab2.cpp(12,10): message : отсутствующий вариативный аргумент "5" требуется для строки форматирования "%d"
D:\projects univ\repos\Lab2\Lab2\Lab2.cpp(14,10): warning C4477: "scanf_s": в строке форматирования "%s" требуется аргумент типа "unsigned int", но вариативный аргумент "2" имеет тип "char *"
D:\projects univ\repos\Lab2\Lab2\Lab2.cpp(14,10): message : этот аргумент используется в качестве размера буфера
D:\projects univ\repos\Lab2\Lab2\Lab2.cpp(14,10): warning C4477: "scanf_s": в строке форматирования "%c" требуется аргумент типа "char *", но вариативный аргумент "3" имеет тип "unsigned short *"
D:\projects univ\repos\Lab2\Lab2\Lab2.cpp(14,10): message : этот аргумент используется описателем преобразования
D:\projects univ\repos\Lab2\Lab2\Lab2.cpp(14,10): warning C4477: "scanf_s": в строке форматирования "%c" требуется аргумент типа "unsigned int", но вариативный аргумент "4" имеет тип "double *"
D:\projects univ\repos\Lab2\Lab2\Lab2.cpp(14,10): message : этот аргумент используется в качестве размера буфера
D:\projects univ\repos\Lab2\Lab2\Lab2.cpp(14,10): warning C4473: "scanf_s": передано недостаточно аргументов для строки формата
D:\projects univ\repos\Lab2\Lab2\Lab2.cpp(14,10): message : заполнители и их параметры ожидают переменное число аргументов в количестве 6, но было предоставлено 4
D:\projects univ\repos\Lab2\Lab2\Lab2.cpp(14,10): message : отсутствующий вариативный аргумент "5" требуется для строки форматирования "%d"
D:\projects univ\repos\Lab2\Lab2\Lab2.cpp(16,10): warning C4477: "scanf_s": в строке форматирования "%s" требуется аргумент типа "unsigned int", но вариативный аргумент "2" имеет тип "char *"
D:\projects univ\repos\Lab2\Lab2\Lab2.cpp(16,10): message : этот аргумент используется в качестве размера буфера
D:\projects univ\repos\Lab2\Lab2\Lab2.cpp(16,10): warning C4477: "scanf_s": в строке форматирования "%c" требуется аргумент типа "char *", но вариативный аргумент "3" имеет тип "unsigned short *"
D:\projects univ\repos\Lab2\Lab2\Lab2.cpp(16,10): message : этот аргумент используется описателем преобразования
D:\projects univ\repos\Lab2\Lab2\Lab2.cpp(16,10): warning C4477: "scanf_s": в строке форматирования "%c" требуется аргумент типа "unsigned int", но вариативный аргумент "4" имеет тип "double *"
D:\projects univ\repos\Lab2\Lab2\Lab2.cpp(16,10): message : этот аргумент используется в качестве размера буфера
D:\projects univ\repos\Lab2\Lab2\Lab2.cpp(16,10): warning C4473: "scanf_s": передано недостаточно аргументов для строки формата
D:\projects univ\repos\Lab2\Lab2\Lab2.cpp(16,10): message : заполнители и их параметры ожидают переменное число аргументов в количестве 6, но было предоставлено 4
D:\projects univ\repos\Lab2\Lab2\Lab2.cpp(16,10): message : отсутствующий вариативный аргумент "5" требуется для строки форматирования "%d"
  Lab2.vcxproj -> D:\projects univ\repos\Lab2\Debug\Lab2.exe
